<?xml version="1.0" encoding="UTF-8"?>
<testsuite xmlns:xsi="http://www.w3.org/2001/XMLSchema-instance" xsi:noNamespaceSchemaLocation="https://maven.apache.org/surefire/maven-surefire-plugin/xsd/surefire-test-report.xsd" name="com.cjj.myapplication.MyapplicationApplicationTests" time="3.253" tests="1" errors="1" skipped="0" failures="0">
  <properties>
    <property name="sun.desktop" value="windows"/>
    <property name="awt.toolkit" value="sun.awt.windows.WToolkit"/>
    <property name="file.encoding.pkg" value="sun.io"/>
    <property name="java.specification.version" value="1.8"/>
    <property name="sun.cpu.isalist" value="amd64"/>
    <property name="sun.jnu.encoding" value="GBK"/>
    <property name="java.class.path" value="C:\Users\Tom\Desktop\GraduationProject\myapplication\target\test-classes;C:\Users\Tom\Desktop\GraduationProject\myapplication\target\classes;d:\data\repo\org\springframework\boot\spring-boot-starter-web\2.7.8\spring-boot-starter-web-2.7.8.jar;d:\data\repo\org\springframework\boot\spring-boot-starter\2.7.8\spring-boot-starter-2.7.8.jar;d:\data\repo\org\springframework\boot\spring-boot\2.7.8\spring-boot-2.7.8.jar;d:\data\repo\org\springframework\boot\spring-boot-autoconfigure\2.7.8\spring-boot-autoconfigure-2.7.8.jar;d:\data\repo\org\springframework\boot\spring-boot-starter-logging\2.7.8\spring-boot-starter-logging-2.7.8.jar;d:\data\repo\ch\qos\logback\logback-classic\1.2.11\logback-classic-1.2.11.jar;d:\data\repo\ch\qos\logback\logback-core\1.2.11\logback-core-1.2.11.jar;d:\data\repo\org\apache\logging\log4j\log4j-to-slf4j\2.17.2\log4j-to-slf4j-2.17.2.jar;d:\data\repo\org\apache\logging\log4j\log4j-api\2.17.2\log4j-api-2.17.2.jar;d:\data\repo\org\slf4j\jul-to-slf4j\1.7.36\jul-to-slf4j-1.7.36.jar;d:\data\repo\jakarta\annotation\jakarta.annotation-api\1.3.5\jakarta.annotation-api-1.3.5.jar;d:\data\repo\org\yaml\snakeyaml\1.30\snakeyaml-1.30.jar;d:\data\repo\org\springframework\boot\spring-boot-starter-json\2.7.8\spring-boot-starter-json-2.7.8.jar;d:\data\repo\com\fasterxml\jackson\core\jackson-databind\2.13.4.2\jackson-databind-2.13.4.2.jar;d:\data\repo\com\fasterxml\jackson\core\jackson-annotations\2.13.4\jackson-annotations-2.13.4.jar;d:\data\repo\com\fasterxml\jackson\core\jackson-core\2.13.4\jackson-core-2.13.4.jar;d:\data\repo\com\fasterxml\jackson\datatype\jackson-datatype-jdk8\2.13.4\jackson-datatype-jdk8-2.13.4.jar;d:\data\repo\com\fasterxml\jackson\datatype\jackson-datatype-jsr310\2.13.4\jackson-datatype-jsr310-2.13.4.jar;d:\data\repo\com\fasterxml\jackson\module\jackson-module-parameter-names\2.13.4\jackson-module-parameter-names-2.13.4.jar;d:\data\repo\org\springframework\boot\spring-boot-starter-tomcat\2.7.8\spring-boot-starter-tomcat-2.7.8.jar;d:\data\repo\org\apache\tomcat\embed\tomcat-embed-core\9.0.71\tomcat-embed-core-9.0.71.jar;d:\data\repo\org\apache\tomcat\embed\tomcat-embed-el\9.0.71\tomcat-embed-el-9.0.71.jar;d:\data\repo\org\apache\tomcat\embed\tomcat-embed-websocket\9.0.71\tomcat-embed-websocket-9.0.71.jar;d:\data\repo\org\springframework\spring-web\5.3.25\spring-web-5.3.25.jar;d:\data\repo\org\springframework\spring-beans\5.3.25\spring-beans-5.3.25.jar;d:\data\repo\org\springframework\spring-webmvc\5.3.25\spring-webmvc-5.3.25.jar;d:\data\repo\org\springframework\spring-aop\5.3.25\spring-aop-5.3.25.jar;d:\data\repo\org\springframework\spring-context\5.3.25\spring-context-5.3.25.jar;d:\data\repo\org\springframework\spring-expression\5.3.25\spring-expression-5.3.25.jar;d:\data\repo\org\mybatis\spring\boot\mybatis-spring-boot-starter\2.2.2\mybatis-spring-boot-starter-2.2.2.jar;d:\data\repo\org\springframework\boot\spring-boot-starter-jdbc\2.7.8\spring-boot-starter-jdbc-2.7.8.jar;d:\data\repo\com\zaxxer\HikariCP\4.0.3\HikariCP-4.0.3.jar;d:\data\repo\org\springframework\spring-jdbc\5.3.25\spring-jdbc-5.3.25.jar;d:\data\repo\org\springframework\spring-tx\5.3.25\spring-tx-5.3.25.jar;d:\data\repo\org\mybatis\spring\boot\mybatis-spring-boot-autoconfigure\2.2.2\mybatis-spring-boot-autoconfigure-2.2.2.jar;d:\data\repo\org\mybatis\mybatis\3.5.9\mybatis-3.5.9.jar;d:\data\repo\org\mybatis\mybatis-spring\2.0.7\mybatis-spring-2.0.7.jar;d:\data\repo\com\mysql\mysql-connector-j\8.0.32\mysql-connector-j-8.0.32.jar;d:\data\repo\org\springframework\boot\spring-boot-starter-test\2.7.8\spring-boot-starter-test-2.7.8.jar;d:\data\repo\org\springframework\boot\spring-boot-test\2.7.8\spring-boot-test-2.7.8.jar;d:\data\repo\org\springframework\boot\spring-boot-test-autoconfigure\2.7.8\spring-boot-test-autoconfigure-2.7.8.jar;d:\data\repo\com\jayway\jsonpath\json-path\2.7.0\json-path-2.7.0.jar;d:\data\repo\net\minidev\json-smart\2.4.8\json-smart-2.4.8.jar;d:\data\repo\net\minidev\accessors-smart\2.4.8\accessors-smart-2.4.8.jar;d:\data\repo\org\ow2\asm\asm\9.1\asm-9.1.jar;d:\data\repo\org\slf4j\slf4j-api\1.7.36\slf4j-api-1.7.36.jar;d:\data\repo\jakarta\xml\bind\jakarta.xml.bind-api\2.3.3\jakarta.xml.bind-api-2.3.3.jar;d:\data\repo\jakarta\activation\jakarta.activation-api\1.2.2\jakarta.activation-api-1.2.2.jar;d:\data\repo\org\assertj\assertj-core\3.22.0\assertj-core-3.22.0.jar;d:\data\repo\org\hamcrest\hamcrest\2.2\hamcrest-2.2.jar;d:\data\repo\org\junit\jupiter\junit-jupiter\5.8.2\junit-jupiter-5.8.2.jar;d:\data\repo\org\junit\jupiter\junit-jupiter-api\5.8.2\junit-jupiter-api-5.8.2.jar;d:\data\repo\org\opentest4j\opentest4j\1.2.0\opentest4j-1.2.0.jar;d:\data\repo\org\junit\platform\junit-platform-commons\1.8.2\junit-platform-commons-1.8.2.jar;d:\data\repo\org\apiguardian\apiguardian-api\1.1.2\apiguardian-api-1.1.2.jar;d:\data\repo\org\junit\jupiter\junit-jupiter-params\5.8.2\junit-jupiter-params-5.8.2.jar;d:\data\repo\org\junit\jupiter\junit-jupiter-engine\5.8.2\junit-jupiter-engine-5.8.2.jar;d:\data\repo\org\junit\platform\junit-platform-engine\1.8.2\junit-platform-engine-1.8.2.jar;d:\data\repo\org\mockito\mockito-core\4.5.1\mockito-core-4.5.1.jar;d:\data\repo\net\bytebuddy\byte-buddy\1.12.22\byte-buddy-1.12.22.jar;d:\data\repo\net\bytebuddy\byte-buddy-agent\1.12.22\byte-buddy-agent-1.12.22.jar;d:\data\repo\org\objenesis\objenesis\3.2\objenesis-3.2.jar;d:\data\repo\org\mockito\mockito-junit-jupiter\4.5.1\mockito-junit-jupiter-4.5.1.jar;d:\data\repo\org\skyscreamer\jsonassert\1.5.1\jsonassert-1.5.1.jar;d:\data\repo\com\vaadin\external\google\android-json\0.0.20131108.vaadin1\android-json-0.0.20131108.vaadin1.jar;d:\data\repo\org\springframework\spring-core\5.3.25\spring-core-5.3.25.jar;d:\data\repo\org\springframework\spring-jcl\5.3.25\spring-jcl-5.3.25.jar;d:\data\repo\org\springframework\spring-test\5.3.25\spring-test-5.3.25.jar;d:\data\repo\org\xmlunit\xmlunit-core\2.9.1\xmlunit-core-2.9.1.jar;d:\data\repo\org\projectlombok\lombok\1.18.12\lombok-1.18.12.jar;"/>
    <property name="java.vm.vendor" value="Amazon.com Inc."/>
    <property name="sun.arch.data.model" value="64"/>
    <property name="user.variant" value=""/>
    <property name="java.vendor.url" value="https://aws.amazon.com/corretto/"/>
    <property name="user.timezone" value="Asia/Shanghai"/>
    <property name="java.vm.specification.version" value="1.8"/>
    <property name="os.name" value="Windows 10"/>
    <property name="user.country" value="CN"/>
    <property name="sun.java.launcher" value="SUN_STANDARD"/>
    <property name="sun.boot.library.path" value="C:\Users\Tom\.jdks\corretto-1.8.0_352\jre\bin"/>
    <property name="sun.java.command" value="C:\Users\Tom\AppData\Local\Temp\surefire8269449138345238932\surefirebooter322318624491227225.jar C:\Users\Tom\AppData\Local\Temp\surefire8269449138345238932 2023-02-09T16-54-30_183-jvmRun1 surefire1494096818856248078tmp surefire_05013552025429640166tmp"/>
    <property name="surefire.test.class.path" value="C:\Users\Tom\Desktop\GraduationProject\myapplication\target\test-classes;C:\Users\Tom\Desktop\GraduationProject\myapplication\target\classes;d:\data\repo\org\springframework\boot\spring-boot-starter-web\2.7.8\spring-boot-starter-web-2.7.8.jar;d:\data\repo\org\springframework\boot\spring-boot-starter\2.7.8\spring-boot-starter-2.7.8.jar;d:\data\repo\org\springframework\boot\spring-boot\2.7.8\spring-boot-2.7.8.jar;d:\data\repo\org\springframework\boot\spring-boot-autoconfigure\2.7.8\spring-boot-autoconfigure-2.7.8.jar;d:\data\repo\org\springframework\boot\spring-boot-starter-logging\2.7.8\spring-boot-starter-logging-2.7.8.jar;d:\data\repo\ch\qos\logback\logback-classic\1.2.11\logback-classic-1.2.11.jar;d:\data\repo\ch\qos\logback\logback-core\1.2.11\logback-core-1.2.11.jar;d:\data\repo\org\apache\logging\log4j\log4j-to-slf4j\2.17.2\log4j-to-slf4j-2.17.2.jar;d:\data\repo\org\apache\logging\log4j\log4j-api\2.17.2\log4j-api-2.17.2.jar;d:\data\repo\org\slf4j\jul-to-slf4j\1.7.36\jul-to-slf4j-1.7.36.jar;d:\data\repo\jakarta\annotation\jakarta.annotation-api\1.3.5\jakarta.annotation-api-1.3.5.jar;d:\data\repo\org\yaml\snakeyaml\1.30\snakeyaml-1.30.jar;d:\data\repo\org\springframework\boot\spring-boot-starter-json\2.7.8\spring-boot-starter-json-2.7.8.jar;d:\data\repo\com\fasterxml\jackson\core\jackson-databind\2.13.4.2\jackson-databind-2.13.4.2.jar;d:\data\repo\com\fasterxml\jackson\core\jackson-annotations\2.13.4\jackson-annotations-2.13.4.jar;d:\data\repo\com\fasterxml\jackson\core\jackson-core\2.13.4\jackson-core-2.13.4.jar;d:\data\repo\com\fasterxml\jackson\datatype\jackson-datatype-jdk8\2.13.4\jackson-datatype-jdk8-2.13.4.jar;d:\data\repo\com\fasterxml\jackson\datatype\jackson-datatype-jsr310\2.13.4\jackson-datatype-jsr310-2.13.4.jar;d:\data\repo\com\fasterxml\jackson\module\jackson-module-parameter-names\2.13.4\jackson-module-parameter-names-2.13.4.jar;d:\data\repo\org\springframework\boot\spring-boot-starter-tomcat\2.7.8\spring-boot-starter-tomcat-2.7.8.jar;d:\data\repo\org\apache\tomcat\embed\tomcat-embed-core\9.0.71\tomcat-embed-core-9.0.71.jar;d:\data\repo\org\apache\tomcat\embed\tomcat-embed-el\9.0.71\tomcat-embed-el-9.0.71.jar;d:\data\repo\org\apache\tomcat\embed\tomcat-embed-websocket\9.0.71\tomcat-embed-websocket-9.0.71.jar;d:\data\repo\org\springframework\spring-web\5.3.25\spring-web-5.3.25.jar;d:\data\repo\org\springframework\spring-beans\5.3.25\spring-beans-5.3.25.jar;d:\data\repo\org\springframework\spring-webmvc\5.3.25\spring-webmvc-5.3.25.jar;d:\data\repo\org\springframework\spring-aop\5.3.25\spring-aop-5.3.25.jar;d:\data\repo\org\springframework\spring-context\5.3.25\spring-context-5.3.25.jar;d:\data\repo\org\springframework\spring-expression\5.3.25\spring-expression-5.3.25.jar;d:\data\repo\org\mybatis\spring\boot\mybatis-spring-boot-starter\2.2.2\mybatis-spring-boot-starter-2.2.2.jar;d:\data\repo\org\springframework\boot\spring-boot-starter-jdbc\2.7.8\spring-boot-starter-jdbc-2.7.8.jar;d:\data\repo\com\zaxxer\HikariCP\4.0.3\HikariCP-4.0.3.jar;d:\data\repo\org\springframework\spring-jdbc\5.3.25\spring-jdbc-5.3.25.jar;d:\data\repo\org\springframework\spring-tx\5.3.25\spring-tx-5.3.25.jar;d:\data\repo\org\mybatis\spring\boot\mybatis-spring-boot-autoconfigure\2.2.2\mybatis-spring-boot-autoconfigure-2.2.2.jar;d:\data\repo\org\mybatis\mybatis\3.5.9\mybatis-3.5.9.jar;d:\data\repo\org\mybatis\mybatis-spring\2.0.7\mybatis-spring-2.0.7.jar;d:\data\repo\com\mysql\mysql-connector-j\8.0.32\mysql-connector-j-8.0.32.jar;d:\data\repo\org\springframework\boot\spring-boot-starter-test\2.7.8\spring-boot-starter-test-2.7.8.jar;d:\data\repo\org\springframework\boot\spring-boot-test\2.7.8\spring-boot-test-2.7.8.jar;d:\data\repo\org\springframework\boot\spring-boot-test-autoconfigure\2.7.8\spring-boot-test-autoconfigure-2.7.8.jar;d:\data\repo\com\jayway\jsonpath\json-path\2.7.0\json-path-2.7.0.jar;d:\data\repo\net\minidev\json-smart\2.4.8\json-smart-2.4.8.jar;d:\data\repo\net\minidev\accessors-smart\2.4.8\accessors-smart-2.4.8.jar;d:\data\repo\org\ow2\asm\asm\9.1\asm-9.1.jar;d:\data\repo\org\slf4j\slf4j-api\1.7.36\slf4j-api-1.7.36.jar;d:\data\repo\jakarta\xml\bind\jakarta.xml.bind-api\2.3.3\jakarta.xml.bind-api-2.3.3.jar;d:\data\repo\jakarta\activation\jakarta.activation-api\1.2.2\jakarta.activation-api-1.2.2.jar;d:\data\repo\org\assertj\assertj-core\3.22.0\assertj-core-3.22.0.jar;d:\data\repo\org\hamcrest\hamcrest\2.2\hamcrest-2.2.jar;d:\data\repo\org\junit\jupiter\junit-jupiter\5.8.2\junit-jupiter-5.8.2.jar;d:\data\repo\org\junit\jupiter\junit-jupiter-api\5.8.2\junit-jupiter-api-5.8.2.jar;d:\data\repo\org\opentest4j\opentest4j\1.2.0\opentest4j-1.2.0.jar;d:\data\repo\org\junit\platform\junit-platform-commons\1.8.2\junit-platform-commons-1.8.2.jar;d:\data\repo\org\apiguardian\apiguardian-api\1.1.2\apiguardian-api-1.1.2.jar;d:\data\repo\org\junit\jupiter\junit-jupiter-params\5.8.2\junit-jupiter-params-5.8.2.jar;d:\data\repo\org\junit\jupiter\junit-jupiter-engine\5.8.2\junit-jupiter-engine-5.8.2.jar;d:\data\repo\org\junit\platform\junit-platform-engine\1.8.2\junit-platform-engine-1.8.2.jar;d:\data\repo\org\mockito\mockito-core\4.5.1\mockito-core-4.5.1.jar;d:\data\repo\net\bytebuddy\byte-buddy\1.12.22\byte-buddy-1.12.22.jar;d:\data\repo\net\bytebuddy\byte-buddy-agent\1.12.22\byte-buddy-agent-1.12.22.jar;d:\data\repo\org\objenesis\objenesis\3.2\objenesis-3.2.jar;d:\data\repo\org\mockito\mockito-junit-jupiter\4.5.1\mockito-junit-jupiter-4.5.1.jar;d:\data\repo\org\skyscreamer\jsonassert\1.5.1\jsonassert-1.5.1.jar;d:\data\repo\com\vaadin\external\google\android-json\0.0.20131108.vaadin1\android-json-0.0.20131108.vaadin1.jar;d:\data\repo\org\springframework\spring-core\5.3.25\spring-core-5.3.25.jar;d:\data\repo\org\springframework\spring-jcl\5.3.25\spring-jcl-5.3.25.jar;d:\data\repo\org\springframework\spring-test\5.3.25\spring-test-5.3.25.jar;d:\data\repo\org\xmlunit\xmlunit-core\2.9.1\xmlunit-core-2.9.1.jar;d:\data\repo\org\projectlombok\lombok\1.18.12\lombok-1.18.12.jar;"/>
    <property name="sun.cpu.endian" value="little"/>
    <property name="user.home" value="C:\Users\Tom"/>
    <property name="user.language" value="zh"/>
    <property name="java.specification.vendor" value="Oracle Corporation"/>
    <property name="java.home" value="C:\Users\Tom\.jdks\corretto-1.8.0_352\jre"/>
    <property name="basedir" value="C:\Users\Tom\Desktop\GraduationProject\myapplication"/>
    <property name="file.separator" value="\"/>
    <property name="line.separator" value="&#10;"/>
    <property name="java.vm.specification.vendor" value="Oracle Corporation"/>
    <property name="java.specification.name" value="Java Platform API Specification"/>
    <property name="java.awt.graphicsenv" value="sun.awt.Win32GraphicsEnvironment"/>
    <property name="surefire.real.class.path" value="C:\Users\Tom\AppData\Local\Temp\surefire8269449138345238932\surefirebooter322318624491227225.jar"/>
    <property name="sun.boot.class.path" value="C:\Users\Tom\.jdks\corretto-1.8.0_352\jre\lib\resources.jar;C:\Users\Tom\.jdks\corretto-1.8.0_352\jre\lib\rt.jar;C:\Users\Tom\.jdks\corretto-1.8.0_352\jre\lib\sunrsasign.jar;C:\Users\Tom\.jdks\corretto-1.8.0_352\jre\lib\jsse.jar;C:\Users\Tom\.jdks\corretto-1.8.0_352\jre\lib\jce.jar;C:\Users\Tom\.jdks\corretto-1.8.0_352\jre\lib\charsets.jar;C:\Users\Tom\.jdks\corretto-1.8.0_352\jre\lib\jfr.jar;C:\Users\Tom\.jdks\corretto-1.8.0_352\jre\classes"/>
    <property name="user.script" value=""/>
    <property name="sun.management.compiler" value="HotSpot 64-Bit Tiered Compilers"/>
    <property name="java.runtime.version" value="1.8.0_352-b08"/>
    <property name="user.name" value="Tom"/>
    <property name="path.separator" value=";"/>
    <property name="os.version" value="10.0"/>
    <property name="java.endorsed.dirs" value="C:\Users\Tom\.jdks\corretto-1.8.0_352\jre\lib\endorsed"/>
    <property name="java.runtime.name" value="OpenJDK Runtime Environment"/>
    <property name="file.encoding" value="GBK"/>
    <property name="java.vm.name" value="OpenJDK 64-Bit Server VM"/>
    <property name="localRepository" value="d:\data\repo"/>
    <property name="java.vendor.url.bug" value="https://github.com/corretto/corretto-8/issues/"/>
    <property name="java.io.tmpdir" value="C:\Users\Tom\AppData\Local\Temp\"/>
    <property name="idea.version" value="2022.3.1"/>
    <property name="java.version" value="1.8.0_352"/>
    <property name="user.dir" value="C:\Users\Tom\Desktop\GraduationProject\myapplication"/>
    <property name="os.arch" value="amd64"/>
    <property name="java.vm.specification.name" value="Java Virtual Machine Specification"/>
    <property name="java.awt.printerjob" value="sun.awt.windows.WPrinterJob"/>
    <property name="sun.os.patch.level" value=""/>
    <property name="java.library.path" value="C:\Users\Tom\.jdks\corretto-1.8.0_352\jre\bin;C:\WINDOWS\Sun\Java\bin;C:\WINDOWS\system32;C:\WINDOWS;D:\java\java8\bin;D:\java\java8\jre\bin;C:\Program Files (x86)\Common Files\Oracle\Java\javapath;C:\Program Files\Common Files\Oracle\Java\javapath;C:\ProgramData\Oracle\Java\javapath;C:\Windows\system32;C:\Windows;C:\Windows\System32\Wbem;C:\Windows\System32\WindowsPowerShell\v1.0\;C:\Windows\System32\OpenSSH\;C:\Program Files (x86)\NVIDIA Corporation\PhysX\Common;C:\WINDOWS\system32;C:\WINDOWS;C:\WINDOWS\System32\Wbem;C:\WINDOWS\System32\WindowsPowerShell\v1.0\;C:\WINDOWS\System32\OpenSSH\;C:\Program Files\dotnet\;C:\Program Files\Microsoft SQL Server\130\Tools\Binn\;D:\MySQL\bin;C:\Program Files\Microsoft SQL Server\Client SDK\ODBC\170\Tools\Binn\;C:\Program Files (x86)\Microsoft SQL Server\150\Tools\Binn\;C:\Program Files\Microsoft SQL Server\150\Tools\Binn\;C:\Program Files\Microsoft SQL Server\150\DTS\Binn\;D:\rose\New Folder\common;ATALINA_HOME%\lib;D:\DevelopmentTool\apache-tomcat-9.0.59\bin;D:\DevelopmentTool\apache-tomcat-9.0.59\lib\servlet-api.jar;C:\Program Files\Git\cmd;D:\maven\apache-maven-3.8.6\bin;D:\mysql-8.0.29-winx64\bin;C:\Program Files\nodejs\;D:\maven\apache-maven-3.8.6\bin;C:\Program Files\Docker\Docker\resources\bin;D:\vagrant\bin;D:\Python38\Scripts\;D:\Python38\;C:\Users\Tom\anaconda;C:\Users\Tom\anaconda\Library\mingw-w64\bin;C:\Users\Tom\anaconda\Library\usr\bin;C:\Users\Tom\anaconda\Library\bin;C:\Users\Tom\anaconda\Scripts;C:\Users\Tom\AppData\Local\Microsoft\WindowsApps;C:\Users\Tom\.dotnet\tools;D:\javanew\IntelliJ IDEA Community Edition 2021.1.3\bin;;C:\Program Files\Azure Data Studio\bin;C:\Users\Tom\AppData\Local\Programs\Microsoft VS Code\bin;C:\Users\Tom\AppData\Roaming\npm;C:\Users\Tom\AppData\Local\GitHubDesktop\bin;."/>
    <property name="java.vm.info" value="mixed mode"/>
    <property name="java.vendor" value="Amazon.com Inc."/>
    <property name="java.vm.version" value="25.352-b08"/>
    <property name="java.specification.maintenance.version" value="4"/>
    <property name="java.ext.dirs" value="C:\Users\Tom\.jdks\corretto-1.8.0_352\jre\lib\ext;C:\WINDOWS\Sun\Java\lib\ext"/>
    <property name="sun.io.unicode.encoding" value="UnicodeLittle"/>
    <property name="java.class.version" value="52.0"/>
  </properties>
  <testcase name="contextLoads" classname="com.cjj.myapplication.MyapplicationApplicationTests" time="0.01">
    <error message="Failed to load ApplicationContext" type="java.lang.IllegalStateException">java.lang.IllegalStateException: Failed to load ApplicationContext
Caused by: org.springframework.beans.factory.BeanCreationException: Error creating bean with name 'userController': Injection of resource dependencies failed; nested exception is org.springframework.beans.factory.UnsatisfiedDependencyException: Error creating bean with name 'UserService': Unsatisfied dependency expressed through field 'userDao'; nested exception is org.springframework.beans.factory.NoSuchBeanDefinitionException: No qualifying bean of type 'com.cjj.myapplication.mapper.UserDao' available: expected at least 1 bean which qualifies as autowire candidate. Dependency annotations: {@org.springframework.beans.factory.annotation.Autowired(required=true)}
Caused by: org.springframework.beans.factory.UnsatisfiedDependencyException: Error creating bean with name 'UserService': Unsatisfied dependency expressed through field 'userDao'; nested exception is org.springframework.beans.factory.NoSuchBeanDefinitionException: No qualifying bean of type 'com.cjj.myapplication.mapper.UserDao' available: expected at least 1 bean which qualifies as autowire candidate. Dependency annotations: {@org.springframework.beans.factory.annotation.Autowired(required=true)}
Caused by: org.springframework.beans.factory.NoSuchBeanDefinitionException: No qualifying bean of type 'com.cjj.myapplication.mapper.UserDao' available: expected at least 1 bean which qualifies as autowire candidate. Dependency annotations: {@org.springframework.beans.factory.annotation.Autowired(required=true)}
</error>
    <system-out><![CDATA[16:54:31.902 [main] DEBUG org.springframework.test.context.BootstrapUtils - Instantiating CacheAwareContextLoaderDelegate from class [org.springframework.test.context.cache.DefaultCacheAwareContextLoaderDelegate]
16:54:31.929 [main] DEBUG org.springframework.test.context.BootstrapUtils - Instantiating BootstrapContext using constructor [public org.springframework.test.context.support.DefaultBootstrapContext(java.lang.Class,org.springframework.test.context.CacheAwareContextLoaderDelegate)]
16:54:31.983 [main] DEBUG org.springframework.test.context.BootstrapUtils - Instantiating TestContextBootstrapper for test class [com.cjj.myapplication.MyapplicationApplicationTests] from class [org.springframework.boot.test.context.SpringBootTestContextBootstrapper]
16:54:32.005 [main] INFO org.springframework.boot.test.context.SpringBootTestContextBootstrapper - Neither @ContextConfiguration nor @ContextHierarchy found for test class [com.cjj.myapplication.MyapplicationApplicationTests], using SpringBootContextLoader
16:54:32.015 [main] DEBUG org.springframework.test.context.support.AbstractContextLoader - Did not detect default resource location for test class [com.cjj.myapplication.MyapplicationApplicationTests]: class path resource [com/cjj/myapplication/MyapplicationApplicationTests-context.xml] does not exist
16:54:32.016 [main] DEBUG org.springframework.test.context.support.AbstractContextLoader - Did not detect default resource location for test class [com.cjj.myapplication.MyapplicationApplicationTests]: class path resource [com/cjj/myapplication/MyapplicationApplicationTestsContext.groovy] does not exist
16:54:32.016 [main] INFO org.springframework.test.context.support.AbstractContextLoader - Could not detect default resource locations for test class [com.cjj.myapplication.MyapplicationApplicationTests]: no resource found for suffixes {-context.xml, Context.groovy}.
16:54:32.017 [main] INFO org.springframework.test.context.support.AnnotationConfigContextLoaderUtils - Could not detect default configuration classes for test class [com.cjj.myapplication.MyapplicationApplicationTests]: MyapplicationApplicationTests does not declare any static, non-private, non-final, nested classes annotated with @Configuration.
16:54:32.098 [main] DEBUG org.springframework.test.context.support.ActiveProfilesUtils - Could not find an 'annotation declaring class' for annotation type [org.springframework.test.context.ActiveProfiles] and class [com.cjj.myapplication.MyapplicationApplicationTests]
16:54:32.210 [main] DEBUG org.springframework.context.annotation.ClassPathScanningCandidateComponentProvider - Identified candidate component class: file [C:\Users\Tom\Desktop\GraduationProject\myapplication\target\classes\com\cjj\myapplication\MyapplicationApplication.class]
16:54:32.213 [main] INFO org.springframework.boot.test.context.SpringBootTestContextBootstrapper - Found @SpringBootConfiguration com.cjj.myapplication.MyapplicationApplication for test class com.cjj.myapplication.MyapplicationApplicationTests
16:54:32.383 [main] DEBUG org.springframework.boot.test.context.SpringBootTestContextBootstrapper - @TestExecutionListeners is not present for class [com.cjj.myapplication.MyapplicationApplicationTests]: using defaults.
16:54:32.384 [main] INFO org.springframework.boot.test.context.SpringBootTestContextBootstrapper - Loaded default TestExecutionListener class names from location [META-INF/spring.factories]: [org.springframework.boot.test.mock.mockito.MockitoTestExecutionListener, org.springframework.boot.test.mock.mockito.ResetMocksTestExecutionListener, org.springframework.boot.test.autoconfigure.restdocs.RestDocsTestExecutionListener, org.springframework.boot.test.autoconfigure.web.client.MockRestServiceServerResetTestExecutionListener, org.springframework.boot.test.autoconfigure.web.servlet.MockMvcPrintOnlyOnFailureTestExecutionListener, org.springframework.boot.test.autoconfigure.web.servlet.WebDriverTestExecutionListener, org.springframework.boot.test.autoconfigure.webservices.client.MockWebServiceServerTestExecutionListener, org.springframework.test.context.web.ServletTestExecutionListener, org.springframework.test.context.support.DirtiesContextBeforeModesTestExecutionListener, org.springframework.test.context.event.ApplicationEventsTestExecutionListener, org.springframework.test.context.support.DependencyInjectionTestExecutionListener, org.springframework.test.context.support.DirtiesContextTestExecutionListener, org.springframework.test.context.transaction.TransactionalTestExecutionListener, org.springframework.test.context.jdbc.SqlScriptsTestExecutionListener, org.springframework.test.context.event.EventPublishingTestExecutionListener]
16:54:32.423 [main] INFO org.springframework.boot.test.context.SpringBootTestContextBootstrapper - Using TestExecutionListeners: [org.springframework.test.context.web.ServletTestExecutionListener@5b218417, org.springframework.test.context.support.DirtiesContextBeforeModesTestExecutionListener@645aa696, org.springframework.test.context.event.ApplicationEventsTestExecutionListener@6caf0677, org.springframework.boot.test.mock.mockito.MockitoTestExecutionListener@413d1baf, org.springframework.boot.test.autoconfigure.SpringBootDependencyInjectionTestExecutionListener@16eb3ea3, org.springframework.test.context.support.DirtiesContextTestExecutionListener@273444fe, org.springframework.test.context.transaction.TransactionalTestExecutionListener@33bc72d1, org.springframework.test.context.jdbc.SqlScriptsTestExecutionListener@1a75e76a, org.springframework.test.context.event.EventPublishingTestExecutionListener@5524cca1, org.springframework.boot.test.mock.mockito.ResetMocksTestExecutionListener@5032714f, org.springframework.boot.test.autoconfigure.restdocs.RestDocsTestExecutionListener@48bb62, org.springframework.boot.test.autoconfigure.web.client.MockRestServiceServerResetTestExecutionListener@353352b6, org.springframework.boot.test.autoconfigure.web.servlet.MockMvcPrintOnlyOnFailureTestExecutionListener@4681c175, org.springframework.boot.test.autoconfigure.web.servlet.WebDriverTestExecutionListener@57a78e3, org.springframework.boot.test.autoconfigure.webservices.client.MockWebServiceServerTestExecutionListener@402c4085]
16:54:32.431 [main] DEBUG org.springframework.test.context.support.AbstractDirtiesContextTestExecutionListener - Before test class: context [DefaultTestContext@231f98ef testClass = MyapplicationApplicationTests, testInstance = [null], testMethod = [null], testException = [null], mergedContextConfiguration = [WebMergedContextConfiguration@7c137fd5 testClass = MyapplicationApplicationTests, locations = '{}', classes = '{class com.cjj.myapplication.MyapplicationApplication}', contextInitializerClasses = '[]', activeProfiles = '{}', propertySourceLocations = '{}', propertySourceProperties = '{org.springframework.boot.test.context.SpringBootTestContextBootstrapper=true}', contextCustomizers = set[org.springframework.boot.test.context.filter.ExcludeFilterContextCustomizer@123ef382, org.springframework.boot.test.json.DuplicateJsonObjectContextCustomizerFactory$DuplicateJsonObjectContextCustomizer@7334aada, org.springframework.boot.test.mock.mockito.MockitoContextCustomizer@0, org.springframework.boot.test.web.client.TestRestTemplateContextCustomizer@5ffead27, org.springframework.boot.test.autoconfigure.actuate.metrics.MetricsExportContextCustomizerFactory$DisableMetricExportContextCustomizer@a514af7, org.springframework.boot.test.autoconfigure.properties.PropertyMappingContextCustomizer@0, org.springframework.boot.test.autoconfigure.web.servlet.WebDriverContextCustomizerFactory$Customizer@5c5eefef, org.springframework.boot.test.context.SpringBootTestArgs@1, org.springframework.boot.test.context.SpringBootTestWebEnvironment@4520ebad], resourceBasePath = 'src/main/webapp', contextLoader = 'org.springframework.boot.test.context.SpringBootContextLoader', parent = [null]], attributes = map['org.springframework.test.context.web.ServletTestExecutionListener.activateListener' -> true]], class annotated with @DirtiesContext [false] with mode [null].

  .   ____          _            __ _ _
 /\\ / ___'_ __ _ _(_)_ __  __ _ \ \ \ \
( ( )\___ | '_ | '_| | '_ \/ _` | \ \ \ \
 \\/  ___)| |_)| | | | | || (_| |  ) ) ) )
  '  |____| .__|_| |_|_| |_\__, | / / / /
 =========|_|==============|___/=/_/_/_/
 :: Spring Boot ::                (v2.7.8)

2023-02-09 16:54:33.073  INFO 39584 --- [           main] c.c.m.MyapplicationApplicationTests      : Starting MyapplicationApplicationTests using Java 1.8.0_352 on LAPTOP-259G5EG0 with PID 39584 (started by Tom in C:\Users\Tom\Desktop\GraduationProject\myapplication)
2023-02-09 16:54:33.075  INFO 39584 --- [           main] c.c.m.MyapplicationApplicationTests      : No active profile set, falling back to 1 default profile: "default"
2023-02-09 16:54:34.496  WARN 39584 --- [           main] o.m.s.mapper.ClassPathMapperScanner      : No MyBatis mapper was found in '[com.cjj.application.mapper]' package. Please check your configuration.
2023-02-09 16:54:34.955  WARN 39584 --- [           main] o.s.w.c.s.GenericWebApplicationContext   : Exception encountered during context initialization - cancelling refresh attempt: org.springframework.beans.factory.BeanCreationException: Error creating bean with name 'userController': Injection of resource dependencies failed; nested exception is org.springframework.beans.factory.UnsatisfiedDependencyException: Error creating bean with name 'UserService': Unsatisfied dependency expressed through field 'userDao'; nested exception is org.springframework.beans.factory.NoSuchBeanDefinitionException: No qualifying bean of type 'com.cjj.myapplication.mapper.UserDao' available: expected at least 1 bean which qualifies as autowire candidate. Dependency annotations: {@org.springframework.beans.factory.annotation.Autowired(required=true)}
2023-02-09 16:54:34.970  INFO 39584 --- [           main] ConditionEvaluationReportLoggingListener : 

Error starting ApplicationContext. To display the conditions report re-run your application with 'debug' enabled.
2023-02-09 16:54:35.014 ERROR 39584 --- [           main] o.s.b.d.LoggingFailureAnalysisReporter   : 

***************************
APPLICATION FAILED TO START
***************************

Description:

Field userDao in com.cjj.myapplication.service.serviceImpl.UserServiceImpl required a bean of type 'com.cjj.myapplication.mapper.UserDao' that could not be found.

The injection point has the following annotations:
	- @org.springframework.beans.factory.annotation.Autowired(required=true)


Action:

Consider defining a bean of type 'com.cjj.myapplication.mapper.UserDao' in your configuration.

2023-02-09 16:54:35.022 ERROR 39584 --- [           main] o.s.test.context.TestContextManager      : Caught exception while allowing TestExecutionListener [org.springframework.test.context.web.ServletTestExecutionListener@5b218417] to prepare test instance [com.cjj.myapplication.MyapplicationApplicationTests@1949309d]

java.lang.IllegalStateException: Failed to load ApplicationContext
	at org.springframework.test.context.cache.DefaultCacheAwareContextLoaderDelegate.loadContext(DefaultCacheAwareContextLoaderDelegate.java:98) ~[spring-test-5.3.25.jar:5.3.25]
	at org.springframework.test.context.support.DefaultTestContext.getApplicationContext(DefaultTestContext.java:124) ~[spring-test-5.3.25.jar:5.3.25]
	at org.springframework.test.context.web.ServletTestExecutionListener.setUpRequestContextIfNecessary(ServletTestExecutionListener.java:190) ~[spring-test-5.3.25.jar:5.3.25]
	at org.springframework.test.context.web.ServletTestExecutionListener.prepareTestInstance(ServletTestExecutionListener.java:132) ~[spring-test-5.3.25.jar:5.3.25]
	at org.springframework.test.context.TestContextManager.prepareTestInstance(TestContextManager.java:248) ~[spring-test-5.3.25.jar:5.3.25]
	at org.springframework.test.context.junit.jupiter.SpringExtension.postProcessTestInstance(SpringExtension.java:138) [spring-test-5.3.25.jar:5.3.25]
	at org.junit.jupiter.engine.descriptor.ClassBasedTestDescriptor.lambda$invokeTestInstancePostProcessors$8(ClassBasedTestDescriptor.java:363) [junit-jupiter-engine-5.8.2.jar:5.8.2]
	at org.junit.jupiter.engine.descriptor.ClassBasedTestDescriptor.executeAndMaskThrowable(ClassBasedTestDescriptor.java:368) [junit-jupiter-engine-5.8.2.jar:5.8.2]
	at org.junit.jupiter.engine.descriptor.ClassBasedTestDescriptor.lambda$invokeTestInstancePostProcessors$9(ClassBasedTestDescriptor.java:363) [junit-jupiter-engine-5.8.2.jar:5.8.2]
	at java.util.stream.ReferencePipeline$3$1.accept(ReferencePipeline.java:193) ~[na:1.8.0_352]
	at java.util.stream.ReferencePipeline$2$1.accept(ReferencePipeline.java:175) ~[na:1.8.0_352]
	at java.util.ArrayList$ArrayListSpliterator.forEachRemaining(ArrayList.java:1384) ~[na:1.8.0_352]
	at java.util.stream.AbstractPipeline.copyInto(AbstractPipeline.java:482) ~[na:1.8.0_352]
	at java.util.stream.AbstractPipeline.wrapAndCopyInto(AbstractPipeline.java:472) ~[na:1.8.0_352]
	at java.util.stream.StreamSpliterators$WrappingSpliterator.forEachRemaining(StreamSpliterators.java:313) ~[na:1.8.0_352]
	at java.util.stream.Streams$ConcatSpliterator.forEachRemaining(Streams.java:743) ~[na:1.8.0_352]
	at java.util.stream.Streams$ConcatSpliterator.forEachRemaining(Streams.java:742) ~[na:1.8.0_352]
	at java.util.stream.ReferencePipeline$Head.forEach(ReferencePipeline.java:647) ~[na:1.8.0_352]
	at org.junit.jupiter.engine.descriptor.ClassBasedTestDescriptor.invokeTestInstancePostProcessors(ClassBasedTestDescriptor.java:362) [junit-jupiter-engine-5.8.2.jar:5.8.2]
	at org.junit.jupiter.engine.descriptor.ClassBasedTestDescriptor.lambda$instantiateAndPostProcessTestInstance$6(ClassBasedTestDescriptor.java:283) [junit-jupiter-engine-5.8.2.jar:5.8.2]
	at org.junit.platform.engine.support.hierarchical.ThrowableCollector.execute(ThrowableCollector.java:73) ~[junit-platform-engine-1.8.2.jar:1.8.2]
	at org.junit.jupiter.engine.descriptor.ClassBasedTestDescriptor.instantiateAndPostProcessTestInstance(ClassBasedTestDescriptor.java:282) [junit-jupiter-engine-5.8.2.jar:5.8.2]
	at org.junit.jupiter.engine.descriptor.ClassBasedTestDescriptor.lambda$testInstancesProvider$4(ClassBasedTestDescriptor.java:272) [junit-jupiter-engine-5.8.2.jar:5.8.2]
	at java.util.Optional.orElseGet(Optional.java:267) ~[na:1.8.0_352]
	at org.junit.jupiter.engine.descriptor.ClassBasedTestDescriptor.lambda$testInstancesProvider$5(ClassBasedTestDescriptor.java:271) [junit-jupiter-engine-5.8.2.jar:5.8.2]
	at org.junit.jupiter.engine.execution.TestInstancesProvider.getTestInstances(TestInstancesProvider.java:31) ~[junit-jupiter-engine-5.8.2.jar:5.8.2]
	at org.junit.jupiter.engine.descriptor.TestMethodTestDescriptor.lambda$prepare$0(TestMethodTestDescriptor.java:102) ~[junit-jupiter-engine-5.8.2.jar:5.8.2]
	at org.junit.platform.engine.support.hierarchical.ThrowableCollector.execute(ThrowableCollector.java:73) ~[junit-platform-engine-1.8.2.jar:1.8.2]
	at org.junit.jupiter.engine.descriptor.TestMethodTestDescriptor.prepare(TestMethodTestDescriptor.java:101) ~[junit-jupiter-engine-5.8.2.jar:5.8.2]
	at org.junit.jupiter.engine.descriptor.TestMethodTestDescriptor.prepare(TestMethodTestDescriptor.java:66) ~[junit-jupiter-engine-5.8.2.jar:5.8.2]
	at org.junit.platform.engine.support.hierarchical.NodeTestTask.lambda$prepare$2(NodeTestTask.java:123) ~[junit-platform-engine-1.8.2.jar:1.8.2]
	at org.junit.platform.engine.support.hierarchical.ThrowableCollector.execute(ThrowableCollector.java:73) ~[junit-platform-engine-1.8.2.jar:1.8.2]
	at org.junit.platform.engine.support.hierarchical.NodeTestTask.prepare(NodeTestTask.java:123) ~[junit-platform-engine-1.8.2.jar:1.8.2]
	at org.junit.platform.engine.support.hierarchical.NodeTestTask.execute(NodeTestTask.java:90) ~[junit-platform-engine-1.8.2.jar:1.8.2]
	at java.util.ArrayList.forEach(ArrayList.java:1259) ~[na:1.8.0_352]
	at org.junit.platform.engine.support.hierarchical.SameThreadHierarchicalTestExecutorService.invokeAll(SameThreadHierarchicalTestExecutorService.java:41) ~[junit-platform-engine-1.8.2.jar:1.8.2]
	at org.junit.platform.engine.support.hierarchical.NodeTestTask.lambda$executeRecursively$6(NodeTestTask.java:155) ~[junit-platform-engine-1.8.2.jar:1.8.2]
	at org.junit.platform.engine.support.hierarchical.ThrowableCollector.execute(ThrowableCollector.java:73) ~[junit-platform-engine-1.8.2.jar:1.8.2]
	at org.junit.platform.engine.support.hierarchical.NodeTestTask.lambda$executeRecursively$8(NodeTestTask.java:141) ~[junit-platform-engine-1.8.2.jar:1.8.2]
	at org.junit.platform.engine.support.hierarchical.Node.around(Node.java:137) ~[junit-platform-engine-1.8.2.jar:1.8.2]
	at org.junit.platform.engine.support.hierarchical.NodeTestTask.lambda$executeRecursively$9(NodeTestTask.java:139) ~[junit-platform-engine-1.8.2.jar:1.8.2]
	at org.junit.platform.engine.support.hierarchical.ThrowableCollector.execute(ThrowableCollector.java:73) ~[junit-platform-engine-1.8.2.jar:1.8.2]
	at org.junit.platform.engine.support.hierarchical.NodeTestTask.executeRecursively(NodeTestTask.java:138) ~[junit-platform-engine-1.8.2.jar:1.8.2]
	at org.junit.platform.engine.support.hierarchical.NodeTestTask.execute(NodeTestTask.java:95) ~[junit-platform-engine-1.8.2.jar:1.8.2]
	at java.util.ArrayList.forEach(ArrayList.java:1259) ~[na:1.8.0_352]
	at org.junit.platform.engine.support.hierarchical.SameThreadHierarchicalTestExecutorService.invokeAll(SameThreadHierarchicalTestExecutorService.java:41) ~[junit-platform-engine-1.8.2.jar:1.8.2]
	at org.junit.platform.engine.support.hierarchical.NodeTestTask.lambda$executeRecursively$6(NodeTestTask.java:155) ~[junit-platform-engine-1.8.2.jar:1.8.2]
	at org.junit.platform.engine.support.hierarchical.ThrowableCollector.execute(ThrowableCollector.java:73) ~[junit-platform-engine-1.8.2.jar:1.8.2]
	at org.junit.platform.engine.support.hierarchical.NodeTestTask.lambda$executeRecursively$8(NodeTestTask.java:141) ~[junit-platform-engine-1.8.2.jar:1.8.2]
	at org.junit.platform.engine.support.hierarchical.Node.around(Node.java:137) ~[junit-platform-engine-1.8.2.jar:1.8.2]
	at org.junit.platform.engine.support.hierarchical.NodeTestTask.lambda$executeRecursively$9(NodeTestTask.java:139) ~[junit-platform-engine-1.8.2.jar:1.8.2]
	at org.junit.platform.engine.support.hierarchical.ThrowableCollector.execute(ThrowableCollector.java:73) ~[junit-platform-engine-1.8.2.jar:1.8.2]
	at org.junit.platform.engine.support.hierarchical.NodeTestTask.executeRecursively(NodeTestTask.java:138) ~[junit-platform-engine-1.8.2.jar:1.8.2]
	at org.junit.platform.engine.support.hierarchical.NodeTestTask.execute(NodeTestTask.java:95) ~[junit-platform-engine-1.8.2.jar:1.8.2]
	at org.junit.platform.engine.support.hierarchical.SameThreadHierarchicalTestExecutorService.submit(SameThreadHierarchicalTestExecutorService.java:35) ~[junit-platform-engine-1.8.2.jar:1.8.2]
	at org.junit.platform.engine.support.hierarchical.HierarchicalTestExecutor.execute(HierarchicalTestExecutor.java:57) ~[junit-platform-engine-1.8.2.jar:1.8.2]
	at org.junit.platform.engine.support.hierarchical.HierarchicalTestEngine.execute(HierarchicalTestEngine.java:54) ~[junit-platform-engine-1.8.2.jar:1.8.2]
	at org.junit.platform.launcher.core.DefaultLauncher.execute(DefaultLauncher.java:220) ~[junit-platform-launcher-1.3.1.jar:1.3.1]
	at org.junit.platform.launcher.core.DefaultLauncher.lambda$execute$6(DefaultLauncher.java:188) ~[junit-platform-launcher-1.3.1.jar:1.3.1]
	at org.junit.platform.launcher.core.DefaultLauncher.withInterceptedStreams(DefaultLauncher.java:202) ~[junit-platform-launcher-1.3.1.jar:1.3.1]
	at org.junit.platform.launcher.core.DefaultLauncher.execute(DefaultLauncher.java:181) ~[junit-platform-launcher-1.3.1.jar:1.3.1]
	at org.junit.platform.launcher.core.DefaultLauncher.execute(DefaultLauncher.java:128) ~[junit-platform-launcher-1.3.1.jar:1.3.1]
	at org.apache.maven.surefire.junitplatform.JUnitPlatformProvider.invokeAllTests(JUnitPlatformProvider.java:150) ~[surefire-junit-platform-2.22.2.jar:2.22.2]
	at org.apache.maven.surefire.junitplatform.JUnitPlatformProvider.invoke(JUnitPlatformProvider.java:124) ~[surefire-junit-platform-2.22.2.jar:2.22.2]
	at org.apache.maven.surefire.booter.ForkedBooter.invokeProviderInSameClassLoader(ForkedBooter.java:384) ~[surefire-booter-2.22.2.jar:2.22.2]
	at org.apache.maven.surefire.booter.ForkedBooter.runSuitesInProcess(ForkedBooter.java:345) ~[surefire-booter-2.22.2.jar:2.22.2]
	at org.apache.maven.surefire.booter.ForkedBooter.execute(ForkedBooter.java:126) ~[surefire-booter-2.22.2.jar:2.22.2]
	at org.apache.maven.surefire.booter.ForkedBooter.main(ForkedBooter.java:418) ~[surefire-booter-2.22.2.jar:2.22.2]
Caused by: org.springframework.beans.factory.BeanCreationException: Error creating bean with name 'userController': Injection of resource dependencies failed; nested exception is org.springframework.beans.factory.UnsatisfiedDependencyException: Error creating bean with name 'UserService': Unsatisfied dependency expressed through field 'userDao'; nested exception is org.springframework.beans.factory.NoSuchBeanDefinitionException: No qualifying bean of type 'com.cjj.myapplication.mapper.UserDao' available: expected at least 1 bean which qualifies as autowire candidate. Dependency annotations: {@org.springframework.beans.factory.annotation.Autowired(required=true)}
	at org.springframework.context.annotation.CommonAnnotationBeanPostProcessor.postProcessProperties(CommonAnnotationBeanPostProcessor.java:332) ~[spring-context-5.3.25.jar:5.3.25]
	at org.springframework.beans.factory.support.AbstractAutowireCapableBeanFactory.populateBean(AbstractAutowireCapableBeanFactory.java:1431) ~[spring-beans-5.3.25.jar:5.3.25]
	at org.springframework.beans.factory.support.AbstractAutowireCapableBeanFactory.doCreateBean(AbstractAutowireCapableBeanFactory.java:619) ~[spring-beans-5.3.25.jar:5.3.25]
	at org.springframework.beans.factory.support.AbstractAutowireCapableBeanFactory.createBean(AbstractAutowireCapableBeanFactory.java:542) ~[spring-beans-5.3.25.jar:5.3.25]
	at org.springframework.beans.factory.support.AbstractBeanFactory.lambda$doGetBean$0(AbstractBeanFactory.java:335) ~[spring-beans-5.3.25.jar:5.3.25]
	at org.springframework.beans.factory.support.DefaultSingletonBeanRegistry.getSingleton(DefaultSingletonBeanRegistry.java:234) ~[spring-beans-5.3.25.jar:5.3.25]
	at org.springframework.beans.factory.support.AbstractBeanFactory.doGetBean(AbstractBeanFactory.java:333) ~[spring-beans-5.3.25.jar:5.3.25]
	at org.springframework.beans.factory.support.AbstractBeanFactory.getBean(AbstractBeanFactory.java:208) ~[spring-beans-5.3.25.jar:5.3.25]
	at org.springframework.beans.factory.support.DefaultListableBeanFactory.preInstantiateSingletons(DefaultListableBeanFactory.java:955) ~[spring-beans-5.3.25.jar:5.3.25]
	at org.springframework.context.support.AbstractApplicationContext.finishBeanFactoryInitialization(AbstractApplicationContext.java:918) ~[spring-context-5.3.25.jar:5.3.25]
	at org.springframework.context.support.AbstractApplicationContext.refresh(AbstractApplicationContext.java:583) ~[spring-context-5.3.25.jar:5.3.25]
	at org.springframework.boot.SpringApplication.refresh(SpringApplication.java:731) ~[spring-boot-2.7.8.jar:2.7.8]
	at org.springframework.boot.SpringApplication.refreshContext(SpringApplication.java:408) ~[spring-boot-2.7.8.jar:2.7.8]
	at org.springframework.boot.SpringApplication.run(SpringApplication.java:307) ~[spring-boot-2.7.8.jar:2.7.8]
	at org.springframework.boot.test.context.SpringBootContextLoader.loadContext(SpringBootContextLoader.java:136) ~[spring-boot-test-2.7.8.jar:2.7.8]
	at org.springframework.test.context.cache.DefaultCacheAwareContextLoaderDelegate.loadContextInternal(DefaultCacheAwareContextLoaderDelegate.java:141) ~[spring-test-5.3.25.jar:5.3.25]
	at org.springframework.test.context.cache.DefaultCacheAwareContextLoaderDelegate.loadContext(DefaultCacheAwareContextLoaderDelegate.java:90) ~[spring-test-5.3.25.jar:5.3.25]
	... 67 common frames omitted
Caused by: org.springframework.beans.factory.UnsatisfiedDependencyException: Error creating bean with name 'UserService': Unsatisfied dependency expressed through field 'userDao'; nested exception is org.springframework.beans.factory.NoSuchBeanDefinitionException: No qualifying bean of type 'com.cjj.myapplication.mapper.UserDao' available: expected at least 1 bean which qualifies as autowire candidate. Dependency annotations: {@org.springframework.beans.factory.annotation.Autowired(required=true)}
	at org.springframework.beans.factory.annotation.AutowiredAnnotationBeanPostProcessor$AutowiredFieldElement.resolveFieldValue(AutowiredAnnotationBeanPostProcessor.java:660) ~[spring-beans-5.3.25.jar:5.3.25]
	at org.springframework.beans.factory.annotation.AutowiredAnnotationBeanPostProcessor$AutowiredFieldElement.inject(AutowiredAnnotationBeanPostProcessor.java:640) ~[spring-beans-5.3.25.jar:5.3.25]
	at org.springframework.beans.factory.annotation.InjectionMetadata.inject(InjectionMetadata.java:119) ~[spring-beans-5.3.25.jar:5.3.25]
	at org.springframework.beans.factory.annotation.AutowiredAnnotationBeanPostProcessor.postProcessProperties(AutowiredAnnotationBeanPostProcessor.java:399) ~[spring-beans-5.3.25.jar:5.3.25]
	at org.springframework.beans.factory.support.AbstractAutowireCapableBeanFactory.populateBean(AbstractAutowireCapableBeanFactory.java:1431) ~[spring-beans-5.3.25.jar:5.3.25]
	at org.springframework.beans.factory.support.AbstractAutowireCapableBeanFactory.doCreateBean(AbstractAutowireCapableBeanFactory.java:619) ~[spring-beans-5.3.25.jar:5.3.25]
	at org.springframework.beans.factory.support.AbstractAutowireCapableBeanFactory.createBean(AbstractAutowireCapableBeanFactory.java:542) ~[spring-beans-5.3.25.jar:5.3.25]
	at org.springframework.beans.factory.support.AbstractBeanFactory.lambda$doGetBean$0(AbstractBeanFactory.java:335) ~[spring-beans-5.3.25.jar:5.3.25]
	at org.springframework.beans.factory.support.DefaultSingletonBeanRegistry.getSingleton(DefaultSingletonBeanRegistry.java:234) ~[spring-beans-5.3.25.jar:5.3.25]
	at org.springframework.beans.factory.support.AbstractBeanFactory.doGetBean(AbstractBeanFactory.java:333) ~[spring-beans-5.3.25.jar:5.3.25]
	at org.springframework.beans.factory.support.AbstractBeanFactory.getBean(AbstractBeanFactory.java:208) ~[spring-beans-5.3.25.jar:5.3.25]
	at org.springframework.beans.factory.config.DependencyDescriptor.resolveCandidate(DependencyDescriptor.java:276) ~[spring-beans-5.3.25.jar:5.3.25]
	at org.springframework.beans.factory.support.DefaultListableBeanFactory.doResolveDependency(DefaultListableBeanFactory.java:1391) ~[spring-beans-5.3.25.jar:5.3.25]
	at org.springframework.beans.factory.support.DefaultListableBeanFactory.resolveDependency(DefaultListableBeanFactory.java:1311) ~[spring-beans-5.3.25.jar:5.3.25]
	at org.springframework.context.annotation.CommonAnnotationBeanPostProcessor.autowireResource(CommonAnnotationBeanPostProcessor.java:544) ~[spring-context-5.3.25.jar:5.3.25]
	at org.springframework.context.annotation.CommonAnnotationBeanPostProcessor.getResource(CommonAnnotationBeanPostProcessor.java:520) ~[spring-context-5.3.25.jar:5.3.25]
	at org.springframework.context.annotation.CommonAnnotationBeanPostProcessor$ResourceElement.getResourceToInject(CommonAnnotationBeanPostProcessor.java:673) ~[spring-context-5.3.25.jar:5.3.25]
	at org.springframework.beans.factory.annotation.InjectionMetadata$InjectedElement.inject(InjectionMetadata.java:228) ~[spring-beans-5.3.25.jar:5.3.25]
	at org.springframework.beans.factory.annotation.InjectionMetadata.inject(InjectionMetadata.java:119) ~[spring-beans-5.3.25.jar:5.3.25]
	at org.springframework.context.annotation.CommonAnnotationBeanPostProcessor.postProcessProperties(CommonAnnotationBeanPostProcessor.java:329) ~[spring-context-5.3.25.jar:5.3.25]
	... 83 common frames omitted
Caused by: org.springframework.beans.factory.NoSuchBeanDefinitionException: No qualifying bean of type 'com.cjj.myapplication.mapper.UserDao' available: expected at least 1 bean which qualifies as autowire candidate. Dependency annotations: {@org.springframework.beans.factory.annotation.Autowired(required=true)}
	at org.springframework.beans.factory.support.DefaultListableBeanFactory.raiseNoMatchingBeanFound(DefaultListableBeanFactory.java:1801) ~[spring-beans-5.3.25.jar:5.3.25]
	at org.springframework.beans.factory.support.DefaultListableBeanFactory.doResolveDependency(DefaultListableBeanFactory.java:1357) ~[spring-beans-5.3.25.jar:5.3.25]
	at org.springframework.beans.factory.support.DefaultListableBeanFactory.resolveDependency(DefaultListableBeanFactory.java:1311) ~[spring-beans-5.3.25.jar:5.3.25]
	at org.springframework.beans.factory.annotation.AutowiredAnnotationBeanPostProcessor$AutowiredFieldElement.resolveFieldValue(AutowiredAnnotationBeanPostProcessor.java:657) ~[spring-beans-5.3.25.jar:5.3.25]
	... 102 common frames omitted

]]></system-out>
  </testcase>
</testsuite>